[INFO  - 2018-01-04T13:18:50.274Z] GhostDriver - Main - running on port 46381
[INFO  - 2018-01-04T13:18:51.155Z] Session [ce27cf90-f151-11e7-a650-03cc098d0ba5] - page.settings - {"XSSAuditingEnabled":false,"javascriptCanCloseWindows":true,"javascriptCanOpenWindows":true,"javascriptEnabled":true,"loadImages":true,"localToRemoteUrlAccessEnabled":false,"userAgent":"Mozilla/5.0 (Unknown; Linux x86_64) AppleWebKit/538.1 (KHTML, like Gecko) PhantomJS/2.1.1 Safari/538.1","webSecurityEnabled":true}
[INFO  - 2018-01-04T13:18:51.155Z] Session [ce27cf90-f151-11e7-a650-03cc098d0ba5] - page.customHeaders:  - {}
[INFO  - 2018-01-04T13:18:51.156Z] Session [ce27cf90-f151-11e7-a650-03cc098d0ba5] - Session.negotiatedCapabilities - {"browserName":"phantomjs","version":"2.1.1","driverName":"ghostdriver","driverVersion":"1.2.0","platform":"linux-unknown-64bit","javascriptEnabled":true,"takesScreenshot":true,"handlesAlerts":false,"databaseEnabled":false,"locationContextEnabled":false,"applicationCacheEnabled":false,"browserConnectionEnabled":false,"cssSelectorsEnabled":true,"webStorageEnabled":false,"rotatable":false,"acceptSslCerts":false,"nativeEvents":true,"proxy":{"proxyType":"direct"}}
[INFO  - 2018-01-04T13:18:51.156Z] SessionManagerReqHand - _postNewSessionCommand - New Session Created: ce27cf90-f151-11e7-a650-03cc098d0ba5
[ERROR - 2018-01-04T13:18:52.407Z] Session [ce27cf90-f151-11e7-a650-03cc098d0ba5] - page.onError - msg: ReferenceError: Can't find variable: jQuery

  phantomjs://platform/console++.js:263 in error
[ERROR - 2018-01-04T13:18:52.407Z] Session [ce27cf90-f151-11e7-a650-03cc098d0ba5] - page.onError - stack:
  global code (https://maxcdn.bootstrapcdn.com/bootstrap/3.0.0/js/bootstrap.min.js:6)

  phantomjs://platform/console++.js:263 in error
[ERROR - 2018-01-04T13:18:52.498Z] Session [ce27cf90-f151-11e7-a650-03cc098d0ba5] - page.onError - msg: ReferenceError: Can't find variable: jQuery

  phantomjs://platform/console++.js:263 in error
[ERROR - 2018-01-04T13:18:52.498Z] Session [ce27cf90-f151-11e7-a650-03cc098d0ba5] - page.onError - stack:
  global code (https://www.powr.io/assets/application-7c1db5c37ee4d59ab33a7e42b68b94682bed5d385a1f322f9c8af9b435ed42f1.js:2)

  phantomjs://platform/console++.js:263 in error
[ERROR - 2018-01-04T13:18:52.502Z] Session [ce27cf90-f151-11e7-a650-03cc098d0ba5] - page.onError - msg: ReferenceError: Can't find variable: jQuery

  phantomjs://platform/console++.js:263 in error
[ERROR - 2018-01-04T13:18:52.502Z] Session [ce27cf90-f151-11e7-a650-03cc098d0ba5] - page.onError - stack:
  global code (https://www.powr.io/assets/apps/socialFeed-53409a0e4dc358f2ee89746e472124213689e7bf31e22001a1a8d5822cf4296d.js:1)

  phantomjs://platform/console++.js:263 in error
